0.479207   -0.450047   -0.484183
-0.369802   -0.266732   -0.465618
0.468064   -0.281456   -0.291352
-0.355628   -0.43522   -0.304297
-0.196868   -0.440316   -0.463363
-0.0449522   -0.274267   -0.471848
-0.187697   -0.260903   -0.280491
-0.00796688   -0.45779   -0.284009
0.126913   -0.466425   -0.468337
0.313309   -0.282442   -0.456434
0.139466   -0.276926   -0.308704
0.300484   -0.436273   -0.293208
0.466118   -0.112784   -0.475173
-0.374906   0.0664701   -0.469834
0.466569   0.067003   -0.298422
-0.375373   -0.101787   -0.302685
-0.196435   -0.0990215   -0.456132
-0.0392143   0.0805618   -0.465314
-0.213116   0.0659987   -0.279921
-0.0312385   -0.103651   -0.299297
0.111253   -0.102183   -0.463745
0.29536   0.0573189   -0.478016
0.153719   0.0746006   -0.31777
0.289619   -0.107872   -0.325865
0.453068   0.230607   -0.472385
-0.368768   0.386791   -0.464727
0.466993   0.395946   -0.316947
-0.382903   0.229873   -0.307753
-0.219504   0.222581   -0.45513
-0.0467803   0.393286   -0.448682
-0.199588   0.375712   -0.279103
-0.0236205   0.222806   -0.290181
0.120963   0.235294   -0.479804
0.299043   0.390846   -0.476671
0.141393   0.378981   -0.29237
0.295407   0.240037   -0.322544
0.45721   -0.452531   -0.145634
-0.365369   -0.255973   -0.136337
0.46596   -0.269056   0.0248787
-0.384745   -0.439201   0.0277794
-0.2023   -0.442797   -0.144516
-0.0247447   -0.281383   -0.122376
-0.213799   -0.276648   0.030013
-0.0314313   -0.429812   0.0424601
0.137594   -0.430617   -0.128053
0.296909   -0.267042   -0.12734
0.137465   -0.238528   0.0484816
0.308773   -0.423643   0.0313271
0.464808   -0.114744   -0.146232
-0.379868   0.0576276   -0.133658
0.470422   0.0719036   0.0367846
-0.387126   -0.104932   0.0283553
-0.185635   -0.127034   -0.122141
-0.0177284   0.0519456   -0.11563
-0.225363   0.0538295   0.0212406
-0.0351582   -0.107943   0.0357131
0.129645   -0.0950664   -0.13102
0.313149   0.0566493   -0.130783
0.143173   0.0501953   0.0471809
0.297281   -0.101596   0.0320638
0.470597   0.223727   -0.126192
-0.366769   0.394382   -0.120496
0.457835   0.394113   0.0284411
-0.369752   0.238255   0.0539421
-0.205335   0.219744   -0.122279
-0.0189201   0.386518   -0.112733
-0.1933   0.409323   0.0302884
-0.0226697   0.233727   0.0520469
0.159679   0.219262   -0.134657
0.297483   0.385513   -0.133346
0.134343   0.41387   0.0322422
0.287748   0.209519   0.0513766
0.458344   -0.436365   0.184841
-0.385864   -0.265201   0.181286
0.466447   -0.265363   0.362377
-0.358542   -0.436419   0.369228
-0.211587   -0.445927   0.197126
-0.0570164   -0.268574   0.203414
-0.202198   -0.283028   0.361684
-0.0408408   -0.444716   0.388067
0.131643   -0.412996   0.207085
0.311438   -0.270671   0.198958
0.122221   -0.25699   0.391398
0.303536   -0.426736   0.370712
0.458726   -0.0967898   0.208989
-0.377412   0.059444   0.193449
0.458602   0.0505214   0.370746
-0.361043   -0.11143   0.363689
-0.218646   -0.111974   0.17496
-0.0444507   0.0486502   0.204168
-0.206684   0.0621072   0.368745
-0.0458693   -0.100475   0.376877
0.118115   -0.105714   0.212462
0.290843   0.056424   0.207639
0.151283   0.0541714   0.375323
0.296595   -0.125305   0.370242
0.453182   0.227748   0.211532
-0.381887   0.411625   0.205672
0.466449   0.398325   0.358612
-0.380171   0.2168   0.356358
-0.185499   0.241841   0.202121
-0.0250043   0.396228   0.191407
-0.187879   0.405878   0.36832
-0.0434059   0.227262   0.371743
0.132278   0.224744   0.228095
0.293306   0.396622   0.216834
0.136941   0.392063   0.358986
0.299089   0.230797   0.366855
