-0.0209402   -0.257023   -0.42082
1.31134   -1.59539   -1.10854
1.31426   1.18042   1.20259
0.229491   1.21493   0.22687
-1.07713   -0.186174   -1.20452
-0.143562   0.0204223   -0.876791
-0.958665   -1.18239   -2.80074
-1.91742   -1.63802   -0.155807
-0.155421   -1.83475   0.112647
1.42478   1.02554   -0.353028
0.208596   0.106415   1.75343
-0.222587   1.00734   1.43772
0.359156   0.146156   0.725576
-0.906993   0.841777   -0.895892
-0.827559   -0.393215   0.778391
1.40264   1.76718   1.33207
-0.521368   -0.109449   -0.808269
0.454885   2.06463   1.08903
0.581117   -0.166703   0.219525
0.190524   0.533473   0.527373
1.30789   -2.08122   -1.04588
-0.818526   -1.51547   1.32375
-0.98559   1.59847   1.26743
2.19464   -0.616548   1.21478
1.96723   1.12458   -1.23757
0.355546   0.650563   0.403268
0.345793   0.735808   -2.83893
0.184388   1.18873   -0.364729
1.56836   0.282118   -1.21681
3.51037   -1.18399   0.248317
1.386   -1.09079   -0.340243
0.661486   -1.05976   -0.61985
-0.126085   0.355896   0.861365
1.04611   2.40957   -0.584126
0.909887   -0.329702   -0.946409
-1.76979   -0.246322   0.970093
-0.62712   0.0343315   0.788176
2.28343   -1.12727   2.68658
-0.407165   -1.40803   0.344315
-0.922213   0.609772   -1.19864
-0.806786   2.04732   1.24074
-0.508437   -1.66327   0.415365
-0.175378   1.6569   -0.551399
-1.53275   1.68523   -0.982686
0.595003   -0.858225   0.703094
-1.61459   0.458156   0.197325
1.19163   0.60201   -0.812731
0.121824   1.33644   1.78929
0.369177   -0.583988   -1.3111
-0.754356   -0.852467   -0.898637
-0.514989   0.529063   -0.838691
-2.51534   -0.0139289   -0.339862
1.14877   -0.667229   -0.0294226
-0.154916   -0.0937422   -1.23121
-0.0748321   1.13078   1.51107
-0.658484   2.11919   1.77188
0.268792   -0.32471   -0.317848
-0.381023   0.113918   -0.5354
0.572744   -1.97258   1.16704
0.374263   0.489942   0.83817
-1.53743   -0.14349   0.0706811
-0.729937   1.26607   -0.979751
-1.98936   0.0383874   -1.45559
-1.49169   -0.53099   -0.775395
1.22055   -1.33104   -0.349825
-0.298802   0.862477   0.241049
0.774105   1.20097   1.49244
-0.0811359   0.98021   1.00316
0.55877   -1.90573   2.12768
0.0228725   -1.09393   -0.865219
-1.22033   -1.10821   -1.45198
-0.371405   -2.09409   -0.827447
-0.0109153   -2.4063   0.326044
0.382878   0.940092   0.130029
-1.03845   -1.48694   1.48779
-0.321656   0.240303   -1.02729
1.62208   0.553446   -0.72908
-0.560256   0.674847   -1.28572
0.445086   0.399992   -0.330715
-1.64444   0.0708892   -0.943414
1.62506   -0.630287   0.510945
1.01242   0.0698288   -0.566643
-0.0628232   -0.106163   -1.58506
-0.727723   0.235268   0.139836
-1.02611   -1.5366   -0.0279116
-0.943506   0.981417   0.864374
2.61509   -0.421539   -0.892666
-1.0434   0.690792   0.686018
-1.80704   0.552343   0.552417
-0.455323   -0.152775   -0.677653
1.00002   -0.283248   0.409735
0.581917   0.799995   0.720865
-0.185612   -0.0495565   1.77013
-1.7675   0.844151   2.1157
-0.0308025   -0.543393   0.207028
0.532738   -0.953132   -0.239493
-1.53618   0.985044   0.852574
-0.252558   -0.867269   -0.838486
0.0456443   0.510486   2.49544
-0.367701   0.22621   -1.92018
0.185085   -1.7433   0.68596
1.26176   -0.86933   0.666687
-0.339355   1.73534   -1.56738
1.17023   -1.41687   -0.735902
-2.47525   1.27059   -2.11681
0.96152   -0.541491   -0.674506
-0.00713463   0.838235   -0.179151
0.565867   -0.766432   1.20603
