0.487184   -0.48762   0.497463
-0.333884   -0.340001   -0.491835
0.492999   -0.33964   -0.326802
-0.34415   -0.493183   -0.329001
-0.157712   0.497094   -0.479605
0.00471785   -0.341193   -0.483271
-0.152498   -0.325895   -0.327225
0.0303907   0.490605   -0.320113
0.179602   0.4947   -0.498281
0.330309   -0.330722   -0.494656
0.179158   -0.334895   -0.33858
0.340274   0.494538   -0.31243
-0.497834   -0.170296   -0.499182
-0.331601   -0.0102183   -0.487436
0.498833   -0.00627269   -0.336624
-0.338939   -0.179743   -0.342392
-0.141016   -0.187236   -0.485113
-0.0192479   -0.00758849   -0.499488
-0.172986   -0.00623334   -0.346472
0.0117629   -0.15783   -0.324312
0.152305   -0.172681   0.491894
0.331681   -0.0122415   -0.498882
0.16269   -0.00917709   -0.323944
0.340197   -0.153865   -0.318244
-0.486835   0.162573   0.474037
-0.318686   0.352093   0.49635
0.499803   0.325178   -0.373619
-0.352033   0.162456   -0.347044
-0.192033   0.165612   0.492085
-0.000294069   0.334211   -0.481185
-0.180976   0.334685   -0.329476
-0.00164487   0.162839   -0.352835
0.160653   0.150672   -0.49328
0.328146   0.314138   0.474447
0.181249   0.320766   -0.330448
0.347965   0.124732   -0.341143
0.487483   -0.479846   -0.155359
-0.335005   -0.348286   -0.161852
-0.496816   -0.325798   0.00570455
-0.320697   -0.488457   0.0128779
-0.177335   0.486492   -0.150801
0.0166897   -0.335834   -0.168704
-0.164262   -0.34299   -0.00819762
0.0147852   -0.484965   -0.00585311
0.179158   0.493849   -0.161834
0.332339   -0.309297   -0.150505
0.152395   -0.317529   0.0146613
0.321032   -0.486393   -0.00149355
0.49911   -0.17235   -0.170314
-0.310624   -0.0269645   -0.180283
0.494716   0.00238582   -0.000507414
-0.33485   -0.153994   -0.01668
-0.147135   -0.170666   -0.153049
0.00300401   0.00156792   -0.160248
-0.17276   0.00167066   -0.00306042
-0.00750987   -0.165925   0.000648894
0.172375   -0.150033   -0.164588
0.329093   0.00587856   -0.176435
0.1623   0.00357949   0.00405753
0.34768   -0.157372   0.0212522
-0.480727   0.160231   -0.153863
-0.359517   0.34032   -0.178748
0.497569   0.341171   -0.00742523
-0.33149   0.198373   -0.00570714
-0.178099   0.172281   -0.165436
0.000834854   0.322292   -0.15425
-0.160624   0.350728   0.0170029
0.00346466   0.167619   0.000248819
0.170293   0.156612   -0.160091
0.345356   0.316945   -0.169588
0.172748   0.341886   0.000387835
0.324071   0.161095   -0.00981493
-0.495515   0.493639   0.14871
-0.324351   -0.317667   0.159977
-0.497466   -0.332452   0.343331
-0.324616   0.495308   0.344577
-0.158572   0.499222   0.178403
-0.0128843   -0.323662   0.177244
-0.174997   -0.340104   0.348813
0.00463355   0.49383   0.331649
0.182764   0.499635   0.167871
0.344354   -0.326276   0.175603
0.164729   -0.335609   0.33318
0.334946   -0.495091   0.329449
-0.485306   -0.174026   0.160088
-0.349434   -0.00127662   0.151894
0.489108   -0.0294236   0.322822
-0.32588   -0.176045   0.354663
-0.180188   -0.16047   0.163328
0.00385284   0.01278   0.147119
-0.180637   -0.0025408   0.316304
-0.00307044   -0.155001   0.321231
0.169002   -0.168798   0.175221
0.334631   0.0137552   0.157901
0.139806   0.00932468   0.329741
0.311697   -0.16463   0.332545
0.493558   0.170899   0.144705
-0.328136   0.345314   0.16009
-0.499465   0.350396   0.327057
-0.344255   0.161301   0.320662
-0.174625   0.17   0.16542
0.0117555   0.338615   0.142571
-0.173249   0.340055   0.345793
-0.00681291   0.155464   0.346395
0.150958   0.178195   0.16934
0.327726   0.342024   0.158926
0.155692   0.332853   0.328017
0.333655   0.171711   0.323871
