0.374585   0.336774   -0.379799
-2.47486   1.19942   0.921419
-0.613519   0.129669   -1.22008
1.46725   2.12368   0.18869
0.67351   1.11149   -0.49973
0.0733606   -1.75112   -1.67783
1.22733   -0.0570955   1.74214
-1.09897   -0.166783   0.424163
-0.479168   1.71172   1.36956
-0.921873   0.409396   1.20756
-0.570617   0.185768   -0.555121
-0.15043   -0.54976   -0.518092
0.595214   -0.153724   0.433862
2.09459   -0.400319   -0.115855
0.605015   -1.42151   1.04554
-1.09394   -1.33974   -0.0962143
0.662567   1.80176   0.258549
-1.01745   0.412569   -1.03136
-1.1899   -1.1799   0.681786
-1.4398   -0.236187   -1.25983
-1.28579   -1.01069   -1.19648
-1.0313   -1.61953   -1.41868
-0.209879   2.02597   0.46117
1.34048   -0.262438   -1.08861
-1.6841   1.59939   0.0774735
-0.0265633   0.186514   -0.073245
-1.9707   -2.58524   0.810602
0.360697   0.294813   1.054
-0.846516   0.456522   1.19636
0.459649   -1.26501   -0.635983
-1.74572   -2.20211   0.257232
-0.160109   0.790166   -0.498871
1.43428   -0.53472   0.136348
1.84071   2.15607   0.673042
-1.20964   0.647277   1.62201
0.531685   0.931598   -1.25673
1.3982   -2.93446   -0.771822
-0.392084   -0.326307   -0.458031
0.918097   -2.33402   0.521736
-0.372973   1.26197   1.07817
-0.423848   -1.00091   1.28295
-0.709086   -0.878589   -2.91676
-0.551644   0.189656   0.669457
1.71433   0.978098   1.83408
-1.22391   -1.55005   -0.541038
-1.10426   -0.271261   1.50577
-0.884454   0.402622   -0.12176
2.15431   -0.013658   -1.03698
-1.14813   0.395424   -1.24811
1.39821   0.513669   -0.487805
-0.0178729   1.45873   0.267001
0.684122   -1.67201   -1.32984
-0.2612   -0.341284   0.213051
-0.715644   -0.583081   0.50123
0.0212344   -2.51767   0.683498
0.201491   -0.75483   -0.48482
0.609518   -1.70775   -0.206231
1.33338   0.642803   0.570854
0.00976484   -1.54466   -0.2419
-0.414219   -0.42144   -0.502765
-0.715905   -0.629225   2.20078
1.24034   0.221818   1.00674
2.13285   -0.471306   -1.13842
-1.9741   0.622847   1.02618
-1.44514   0.106039   0.353991
-1.8075   1.59205   1.99285
0.655494   0.612434   0.0383656
1.18666   1.10291   -0.0922425
1.50498   1.03669   -1.06916
-1.74707   -1.51122   0.331629
1.52258   0.574678   -0.106298
-1.15079   -0.870903   -1.31837
-1.20753   1.51365   -1.38938
0.562388   -1.05153   0.275445
0.573289   -2.04891   0.40406
-0.0345278   -1.54579   0.476637
-0.838164   -1.15531   -0.384998
1.19273   0.987151   -0.062394
-0.773174   -1.60876   1.16737
0.762827   -0.082954   -0.0633289
0.560639   1.14402   -1.12467
-0.13011   -0.580754   -0.943698
-1.02068   1.50532   -0.472411
0.678308   1.92256   0.840983
1.73714   -0.492389   -0.411055
-0.353414   0.935571   2.72574
2.51369   1.30627   -1.34744
0.619113   -0.55771   0.901827
-0.394727   -0.370077   -0.322156
1.40755   -1.79532   2.04772
1.66863   -0.257969   0.357891
-0.457554   2.05117   -1.63108
-1.6233   -0.263933   -0.543854
-0.816083   1.33813   -0.108501
1.93011   1.54014   0.969016
-0.163796   -0.923131   -0.624275
0.44796   2.95769   0.782217
-1.09405   0.650327   -0.894999
-0.0904926   1.43745   -1.8508
1.44821   1.14349   -0.896995
0.303131   -0.116801   0.929192
-0.463353   1.32553   0.118187
0.218968   -0.346504   -1.55262
-2.39483   0.563643   0.241963
-0.04753   0.476408   -0.628902
2.04776   0.984566   -0.235199
-1.13517   -0.371934   0.282736
0.220244   -1.36578   -0.0772147
